18:40:08 **** Incremental Build of configuration Debug for project Lab 3 - 2 ****
make -j7 all 
arm-none-eabi-gcc "../Drivers/STM32L4xx_HAL_Driver/Src/stm32l4xx_hal.c" -mcpu=cortex-m4 -std=gnu11 -g3 -DDEBUG -DUSE_HAL_DRIVER -DSTM32L4S5xx -c -I../Core/Inc -I../Drivers/STM32L4xx_HAL_Driver/Inc -I../Drivers/STM32L4xx_HAL_Driver/Inc/Legacy -I../Drivers/CMSIS/Device/ST/STM32L4xx/Include -I../Drivers/CMSIS/Include -O0 -ffunction-sections -fdata-sections -Wall -fstack-usage -fcyclomatic-complexity -MMD -MP -MF"Drivers/STM32L4xx_HAL_Driver/Src/stm32l4xx_hal.d" -MT"Drivers/STM32L4xx_HAL_Driver/Src/stm32l4xx_hal.o" --specs=nano.specs -mfpu=fpv4-sp-d16 -mfloat-abi=hard -mthumb -o "Drivers/STM32L4xx_HAL_Driver/Src/stm32l4xx_hal.o"
arm-none-eabi-gcc "../Drivers/STM32L4xx_HAL_Driver/Src/stm32l4xx_hal_cortex.c" -mcpu=cortex-m4 -std=gnu11 -g3 -DDEBUG -DUSE_HAL_DRIVER -DSTM32L4S5xx -c -I../Core/Inc -I../Drivers/STM32L4xx_HAL_Driver/Inc -I../Drivers/STM32L4xx_HAL_Driver/Inc/Legacy -I../Drivers/CMSIS/Device/ST/STM32L4xx/Include -I../Drivers/CMSIS/Include -O0 -ffunction-sections -fdata-sections -Wall -fstack-usage -fcyclomatic-complexity -MMD -MP -MF"Drivers/STM32L4xx_HAL_Driver/Src/stm32l4xx_hal_cortex.d" -MT"Drivers/STM32L4xx_HAL_Driver/Src/stm32l4xx_hal_cortex.o" --specs=nano.specs -mfpu=fpv4-sp-d16 -mfloat-abi=hard -mthumb -o "Drivers/STM32L4xx_HAL_Driver/Src/stm32l4xx_hal_cortex.o"
arm-none-eabi-gcc "../Drivers/STM32L4xx_HAL_Driver/Src/stm32l4xx_hal_dac.c" -mcpu=cortex-m4 -std=gnu11 -g3 -DDEBUG -DUSE_HAL_DRIVER -DSTM32L4S5xx -c -I../Core/Inc -I../Drivers/STM32L4xx_HAL_Driver/Inc -I../Drivers/STM32L4xx_HAL_Driver/Inc/Legacy -I../Drivers/CMSIS/Device/ST/STM32L4xx/Include -I../Drivers/CMSIS/Include -O0 -ffunction-sections -fdata-sections -Wall -fstack-usage -fcyclomatic-complexity -MMD -MP -MF"Drivers/STM32L4xx_HAL_Driver/Src/stm32l4xx_hal_dac.d" -MT"Drivers/STM32L4xx_HAL_Driver/Src/stm32l4xx_hal_dac.o" --specs=nano.specs -mfpu=fpv4-sp-d16 -mfloat-abi=hard -mthumb -o "Drivers/STM32L4xx_HAL_Driver/Src/stm32l4xx_hal_dac.o"
arm-none-eabi-gcc "../Drivers/STM32L4xx_HAL_Driver/Src/stm32l4xx_hal_dac_ex.c" -mcpu=cortex-m4 -std=gnu11 -g3 -DDEBUG -DUSE_HAL_DRIVER -DSTM32L4S5xx -c -I../Core/Inc -I../Drivers/STM32L4xx_HAL_Driver/Inc -I../Drivers/STM32L4xx_HAL_Driver/Inc/Legacy -I../Drivers/CMSIS/Device/ST/STM32L4xx/Include -I../Drivers/CMSIS/Include -O0 -ffunction-sections -fdata-sections -Wall -fstack-usage -fcyclomatic-complexity -MMD -MP -MF"Drivers/STM32L4xx_HAL_Driver/Src/stm32l4xx_hal_dac_ex.d" -MT"Drivers/STM32L4xx_HAL_Driver/Src/stm32l4xx_hal_dac_ex.o" --specs=nano.specs -mfpu=fpv4-sp-d16 -mfloat-abi=hard -mthumb -o "Drivers/STM32L4xx_HAL_Driver/Src/stm32l4xx_hal_dac_ex.o"
arm-none-eabi-gcc "../Drivers/STM32L4xx_HAL_Driver/Src/stm32l4xx_hal_dma.c" -mcpu=cortex-m4 -std=gnu11 -g3 -DDEBUG -DUSE_HAL_DRIVER -DSTM32L4S5xx -c -I../Core/Inc -I../Drivers/STM32L4xx_HAL_Driver/Inc -I../Drivers/STM32L4xx_HAL_Driver/Inc/Legacy -I../Drivers/CMSIS/Device/ST/STM32L4xx/Include -I../Drivers/CMSIS/Include -O0 -ffunction-sections -fdata-sections -Wall -fstack-usage -fcyclomatic-complexity -MMD -MP -MF"Drivers/STM32L4xx_HAL_Driver/Src/stm32l4xx_hal_dma.d" -MT"Drivers/STM32L4xx_HAL_Driver/Src/stm32l4xx_hal_dma.o" --specs=nano.specs -mfpu=fpv4-sp-d16 -mfloat-abi=hard -mthumb -o "Drivers/STM32L4xx_HAL_Driver/Src/stm32l4xx_hal_dma.o"
arm-none-eabi-gcc "../Drivers/STM32L4xx_HAL_Driver/Src/stm32l4xx_hal_dma_ex.c" -mcpu=cortex-m4 -std=gnu11 -g3 -DDEBUG -DUSE_HAL_DRIVER -DSTM32L4S5xx -c -I../Core/Inc -I../Drivers/STM32L4xx_HAL_Driver/Inc -I../Drivers/STM32L4xx_HAL_Driver/Inc/Legacy -I../Drivers/CMSIS/Device/ST/STM32L4xx/Include -I../Drivers/CMSIS/Include -O0 -ffunction-sections -fdata-sections -Wall -fstack-usage -fcyclomatic-complexity -MMD -MP -MF"Drivers/STM32L4xx_HAL_Driver/Src/stm32l4xx_hal_dma_ex.d" -MT"Drivers/STM32L4xx_HAL_Driver/Src/stm32l4xx_hal_dma_ex.o" --specs=nano.specs -mfpu=fpv4-sp-d16 -mfloat-abi=hard -mthumb -o "Drivers/STM32L4xx_HAL_Driver/Src/stm32l4xx_hal_dma_ex.o"
arm-none-eabi-gcc "../Drivers/STM32L4xx_HAL_Driver/Src/stm32l4xx_hal_exti.c" -mcpu=cortex-m4 -std=gnu11 -g3 -DDEBUG -DUSE_HAL_DRIVER -DSTM32L4S5xx -c -I../Core/Inc -I../Drivers/STM32L4xx_HAL_Driver/Inc -I../Drivers/STM32L4xx_HAL_Driver/Inc/Legacy -I../Drivers/CMSIS/Device/ST/STM32L4xx/Include -I../Drivers/CMSIS/Include -O0 -ffunction-sections -fdata-sections -Wall -fstack-usage -fcyclomatic-complexity -MMD -MP -MF"Drivers/STM32L4xx_HAL_Driver/Src/stm32l4xx_hal_exti.d" -MT"Drivers/STM32L4xx_HAL_Driver/Src/stm32l4xx_hal_exti.o" --specs=nano.specs -mfpu=fpv4-sp-d16 -mfloat-abi=hard -mthumb -o "Drivers/STM32L4xx_HAL_Driver/Src/stm32l4xx_hal_exti.o"
arm-none-eabi-gcc "../Drivers/STM32L4xx_HAL_Driver/Src/stm32l4xx_hal_flash.c" -mcpu=cortex-m4 -std=gnu11 -g3 -DDEBUG -DUSE_HAL_DRIVER -DSTM32L4S5xx -c -I../Core/Inc -I../Drivers/STM32L4xx_HAL_Driver/Inc -I../Drivers/STM32L4xx_HAL_Driver/Inc/Legacy -I../Drivers/CMSIS/Device/ST/STM32L4xx/Include -I../Drivers/CMSIS/Include -O0 -ffunction-sections -fdata-sections -Wall -fstack-usage -fcyclomatic-complexity -MMD -MP -MF"Drivers/STM32L4xx_HAL_Driver/Src/stm32l4xx_hal_flash.d" -MT"Drivers/STM32L4xx_HAL_Driver/Src/stm32l4xx_hal_flash.o" --specs=nano.specs -mfpu=fpv4-sp-d16 -mfloat-abi=hard -mthumb -o "Drivers/STM32L4xx_HAL_Driver/Src/stm32l4xx_hal_flash.o"
arm-none-eabi-gcc "../Drivers/STM32L4xx_HAL_Driver/Src/stm32l4xx_hal_flash_ex.c" -mcpu=cortex-m4 -std=gnu11 -g3 -DDEBUG -DUSE_HAL_DRIVER -DSTM32L4S5xx -c -I../Core/Inc -I../Drivers/STM32L4xx_HAL_Driver/Inc -I../Drivers/STM32L4xx_HAL_Driver/Inc/Legacy -I../Drivers/CMSIS/Device/ST/STM32L4xx/Include -I../Drivers/CMSIS/Include -O0 -ffunction-sections -fdata-sections -Wall -fstack-usage -fcyclomatic-complexity -MMD -MP -MF"Drivers/STM32L4xx_HAL_Driver/Src/stm32l4xx_hal_flash_ex.d" -MT"Drivers/STM32L4xx_HAL_Driver/Src/stm32l4xx_hal_flash_ex.o" --specs=nano.specs -mfpu=fpv4-sp-d16 -mfloat-abi=hard -mthumb -o "Drivers/STM32L4xx_HAL_Driver/Src/stm32l4xx_hal_flash_ex.o"
arm-none-eabi-gcc "../Drivers/STM32L4xx_HAL_Driver/Src/stm32l4xx_hal_flash_ramfunc.c" -mcpu=cortex-m4 -std=gnu11 -g3 -DDEBUG -DUSE_HAL_DRIVER -DSTM32L4S5xx -c -I../Core/Inc -I../Drivers/STM32L4xx_HAL_Driver/Inc -I../Drivers/STM32L4xx_HAL_Driver/Inc/Legacy -I../Drivers/CMSIS/Device/ST/STM32L4xx/Include -I../Drivers/CMSIS/Include -O0 -ffunction-sections -fdata-sections -Wall -fstack-usage -fcyclomatic-complexity -MMD -MP -MF"Drivers/STM32L4xx_HAL_Driver/Src/stm32l4xx_hal_flash_ramfunc.d" -MT"Drivers/STM32L4xx_HAL_Driver/Src/stm32l4xx_hal_flash_ramfunc.o" --specs=nano.specs -mfpu=fpv4-sp-d16 -mfloat-abi=hard -mthumb -o "Drivers/STM32L4xx_HAL_Driver/Src/stm32l4xx_hal_flash_ramfunc.o"
arm-none-eabi-gcc "../Drivers/STM32L4xx_HAL_Driver/Src/stm32l4xx_hal_gpio.c" -mcpu=cortex-m4 -std=gnu11 -g3 -DDEBUG -DUSE_HAL_DRIVER -DSTM32L4S5xx -c -I../Core/Inc -I../Drivers/STM32L4xx_HAL_Driver/Inc -I../Drivers/STM32L4xx_HAL_Driver/Inc/Legacy -I../Drivers/CMSIS/Device/ST/STM32L4xx/Include -I../Drivers/CMSIS/Include -O0 -ffunction-sections -fdata-sections -Wall -fstack-usage -fcyclomatic-complexity -MMD -MP -MF"Drivers/STM32L4xx_HAL_Driver/Src/stm32l4xx_hal_gpio.d" -MT"Drivers/STM32L4xx_HAL_Driver/Src/stm32l4xx_hal_gpio.o" --specs=nano.specs -mfpu=fpv4-sp-d16 -mfloat-abi=hard -mthumb -o "Drivers/STM32L4xx_HAL_Driver/Src/stm32l4xx_hal_gpio.o"
arm-none-eabi-gcc "../Drivers/STM32L4xx_HAL_Driver/Src/stm32l4xx_hal_i2c.c" -mcpu=cortex-m4 -std=gnu11 -g3 -DDEBUG -DUSE_HAL_DRIVER -DSTM32L4S5xx -c -I../Core/Inc -I../Drivers/STM32L4xx_HAL_Driver/Inc -I../Drivers/STM32L4xx_HAL_Driver/Inc/Legacy -I../Drivers/CMSIS/Device/ST/STM32L4xx/Include -I../Drivers/CMSIS/Include -O0 -ffunction-sections -fdata-sections -Wall -fstack-usage -fcyclomatic-complexity -MMD -MP -MF"Drivers/STM32L4xx_HAL_Driver/Src/stm32l4xx_hal_i2c.d" -MT"Drivers/STM32L4xx_HAL_Driver/Src/stm32l4xx_hal_i2c.o" --specs=nano.specs -mfpu=fpv4-sp-d16 -mfloat-abi=hard -mthumb -o "Drivers/STM32L4xx_HAL_Driver/Src/stm32l4xx_hal_i2c.o"
arm-none-eabi-gcc "../Drivers/STM32L4xx_HAL_Driver/Src/stm32l4xx_hal_i2c_ex.c" -mcpu=cortex-m4 -std=gnu11 -g3 -DDEBUG -DUSE_HAL_DRIVER -DSTM32L4S5xx -c -I../Core/Inc -I../Drivers/STM32L4xx_HAL_Driver/Inc -I../Drivers/STM32L4xx_HAL_Driver/Inc/Legacy -I../Drivers/CMSIS/Device/ST/STM32L4xx/Include -I../Drivers/CMSIS/Include -O0 -ffunction-sections -fdata-sections -Wall -fstack-usage -fcyclomatic-complexity -MMD -MP -MF"Drivers/STM32L4xx_HAL_Driver/Src/stm32l4xx_hal_i2c_ex.d" -MT"Drivers/STM32L4xx_HAL_Driver/Src/stm32l4xx_hal_i2c_ex.o" --specs=nano.specs -mfpu=fpv4-sp-d16 -mfloat-abi=hard -mthumb -o "Drivers/STM32L4xx_HAL_Driver/Src/stm32l4xx_hal_i2c_ex.o"
arm-none-eabi-gcc "../Drivers/STM32L4xx_HAL_Driver/Src/stm32l4xx_hal_pwr.c" -mcpu=cortex-m4 -std=gnu11 -g3 -DDEBUG -DUSE_HAL_DRIVER -DSTM32L4S5xx -c -I../Core/Inc -I../Drivers/STM32L4xx_HAL_Driver/Inc -I../Drivers/STM32L4xx_HAL_Driver/Inc/Legacy -I../Drivers/CMSIS/Device/ST/STM32L4xx/Include -I../Drivers/CMSIS/Include -O0 -ffunction-sections -fdata-sections -Wall -fstack-usage -fcyclomatic-complexity -MMD -MP -MF"Drivers/STM32L4xx_HAL_Driver/Src/stm32l4xx_hal_pwr.d" -MT"Drivers/STM32L4xx_HAL_Driver/Src/stm32l4xx_hal_pwr.o" --specs=nano.specs -mfpu=fpv4-sp-d16 -mfloat-abi=hard -mthumb -o "Drivers/STM32L4xx_HAL_Driver/Src/stm32l4xx_hal_pwr.o"
arm-none-eabi-gcc "../Drivers/STM32L4xx_HAL_Driver/Src/stm32l4xx_hal_pwr_ex.c" -mcpu=cortex-m4 -std=gnu11 -g3 -DDEBUG -DUSE_HAL_DRIVER -DSTM32L4S5xx -c -I../Core/Inc -I../Drivers/STM32L4xx_HAL_Driver/Inc -I../Drivers/STM32L4xx_HAL_Driver/Inc/Legacy -I../Drivers/CMSIS/Device/ST/STM32L4xx/Include -I../Drivers/CMSIS/Include -O0 -ffunction-sections -fdata-sections -Wall -fstack-usage -fcyclomatic-complexity -MMD -MP -MF"Drivers/STM32L4xx_HAL_Driver/Src/stm32l4xx_hal_pwr_ex.d" -MT"Drivers/STM32L4xx_HAL_Driver/Src/stm32l4xx_hal_pwr_ex.o" --specs=nano.specs -mfpu=fpv4-sp-d16 -mfloat-abi=hard -mthumb -o "Drivers/STM32L4xx_HAL_Driver/Src/stm32l4xx_hal_pwr_ex.o"
arm-none-eabi-gcc "../Drivers/STM32L4xx_HAL_Driver/Src/stm32l4xx_hal_rcc.c" -mcpu=cortex-m4 -std=gnu11 -g3 -DDEBUG -DUSE_HAL_DRIVER -DSTM32L4S5xx -c -I../Core/Inc -I../Drivers/STM32L4xx_HAL_Driver/Inc -I../Drivers/STM32L4xx_HAL_Driver/Inc/Legacy -I../Drivers/CMSIS/Device/ST/STM32L4xx/Include -I../Drivers/CMSIS/Include -O0 -ffunction-sections -fdata-sections -Wall -fstack-usage -fcyclomatic-complexity -MMD -MP -MF"Drivers/STM32L4xx_HAL_Driver/Src/stm32l4xx_hal_rcc.d" -MT"Drivers/STM32L4xx_HAL_Driver/Src/stm32l4xx_hal_rcc.o" --specs=nano.specs -mfpu=fpv4-sp-d16 -mfloat-abi=hard -mthumb -o "Drivers/STM32L4xx_HAL_Driver/Src/stm32l4xx_hal_rcc.o"
arm-none-eabi-gcc "../Drivers/STM32L4xx_HAL_Driver/Src/stm32l4xx_hal_rcc_ex.c" -mcpu=cortex-m4 -std=gnu11 -g3 -DDEBUG -DUSE_HAL_DRIVER -DSTM32L4S5xx -c -I../Core/Inc -I../Drivers/STM32L4xx_HAL_Driver/Inc -I../Drivers/STM32L4xx_HAL_Driver/Inc/Legacy -I../Drivers/CMSIS/Device/ST/STM32L4xx/Include -I../Drivers/CMSIS/Include -O0 -ffunction-sections -fdata-sections -Wall -fstack-usage -fcyclomatic-complexity -MMD -MP -MF"Drivers/STM32L4xx_HAL_Driver/Src/stm32l4xx_hal_rcc_ex.d" -MT"Drivers/STM32L4xx_HAL_Driver/Src/stm32l4xx_hal_rcc_ex.o" --specs=nano.specs -mfpu=fpv4-sp-d16 -mfloat-abi=hard -mthumb -o "Drivers/STM32L4xx_HAL_Driver/Src/stm32l4xx_hal_rcc_ex.o"
arm-none-eabi-gcc "../Drivers/STM32L4xx_HAL_Driver/Src/stm32l4xx_hal_tim.c" -mcpu=cortex-m4 -std=gnu11 -g3 -DDEBUG -DUSE_HAL_DRIVER -DSTM32L4S5xx -c -I../Core/Inc -I../Drivers/STM32L4xx_HAL_Driver/Inc -I../Drivers/STM32L4xx_HAL_Driver/Inc/Legacy -I../Drivers/CMSIS/Device/ST/STM32L4xx/Include -I../Drivers/CMSIS/Include -O0 -ffunction-sections -fdata-sections -Wall -fstack-usage -fcyclomatic-complexity -MMD -MP -MF"Drivers/STM32L4xx_HAL_Driver/Src/stm32l4xx_hal_tim.d" -MT"Drivers/STM32L4xx_HAL_Driver/Src/stm32l4xx_hal_tim.o" --specs=nano.specs -mfpu=fpv4-sp-d16 -mfloat-abi=hard -mthumb -o "Drivers/STM32L4xx_HAL_Driver/Src/stm32l4xx_hal_tim.o"
arm-none-eabi-gcc "../Drivers/STM32L4xx_HAL_Driver/Src/stm32l4xx_hal_tim_ex.c" -mcpu=cortex-m4 -std=gnu11 -g3 -DDEBUG -DUSE_HAL_DRIVER -DSTM32L4S5xx -c -I../Core/Inc -I../Drivers/STM32L4xx_HAL_Driver/Inc -I../Drivers/STM32L4xx_HAL_Driver/Inc/Legacy -I../Drivers/CMSIS/Device/ST/STM32L4xx/Include -I../Drivers/CMSIS/Include -O0 -ffunction-sections -fdata-sections -Wall -fstack-usage -fcyclomatic-complexity -MMD -MP -MF"Drivers/STM32L4xx_HAL_Driver/Src/stm32l4xx_hal_tim_ex.d" -MT"Drivers/STM32L4xx_HAL_Driver/Src/stm32l4xx_hal_tim_ex.o" --specs=nano.specs -mfpu=fpv4-sp-d16 -mfloat-abi=hard -mthumb -o "Drivers/STM32L4xx_HAL_Driver/Src/stm32l4xx_hal_tim_ex.o"
arm-none-eabi-gcc "../Core/Src/main.c" -mcpu=cortex-m4 -std=gnu11 -g3 -DDEBUG -DUSE_HAL_DRIVER -DSTM32L4S5xx -c -I../Core/Inc -I../Drivers/STM32L4xx_HAL_Driver/Inc -I../Drivers/STM32L4xx_HAL_Driver/Inc/Legacy -I../Drivers/CMSIS/Device/ST/STM32L4xx/Include -I../Drivers/CMSIS/Include -O0 -ffunction-sections -fdata-sections -Wall -fstack-usage -fcyclomatic-complexity -MMD -MP -MF"Core/Src/main.d" -MT"Core/Src/main.o" --specs=nano.specs -mfpu=fpv4-sp-d16 -mfloat-abi=hard -mthumb -o "Core/Src/main.o"
arm-none-eabi-gcc "../Core/Src/stm32l4xx_hal_msp.c" -mcpu=cortex-m4 -std=gnu11 -g3 -DDEBUG -DUSE_HAL_DRIVER -DSTM32L4S5xx -c -I../Core/Inc -I../Drivers/STM32L4xx_HAL_Driver/Inc -I../Drivers/STM32L4xx_HAL_Driver/Inc/Legacy -I../Drivers/CMSIS/Device/ST/STM32L4xx/Include -I../Drivers/CMSIS/Include -O0 -ffunction-sections -fdata-sections -Wall -fstack-usage -fcyclomatic-complexity -MMD -MP -MF"Core/Src/stm32l4xx_hal_msp.d" -MT"Core/Src/stm32l4xx_hal_msp.o" --specs=nano.specs -mfpu=fpv4-sp-d16 -mfloat-abi=hard -mthumb -o "Core/Src/stm32l4xx_hal_msp.o"
../Core/Src/main.c: In function 'main':
../Core/Src/main.c:169:15: warning: unused variable 'breakpoint' [-Wunused-variable]
arm-none-eabi-gcc "../Core/Src/stm32l4xx_it.c" -mcpu=cortex-m4 -std=gnu11 -g3 -DDEBUG -DUSE_HAL_DRIVER -DSTM32L4S5xx -c -I../Core/Inc -I../Drivers/STM32L4xx_HAL_Driver/Inc -I../Drivers/STM32L4xx_HAL_Driver/Inc/Legacy -I../Drivers/CMSIS/Device/ST/STM32L4xx/Include -I../Drivers/CMSIS/Include -O0 -ffunction-sections -fdata-sections -Wall -fstack-usage -fcyclomatic-complexity -MMD -MP -MF"Core/Src/stm32l4xx_it.d" -MT"Core/Src/stm32l4xx_it.o" --specs=nano.specs -mfpu=fpv4-sp-d16 -mfloat-abi=hard -mthumb -o "Core/Src/stm32l4xx_it.o"
  169 |           int breakpoint = 0;
      |               ^~~~~~~~~~
arm-none-eabi-gcc "../Core/Src/syscalls.c" -mcpu=cortex-m4 -std=gnu11 -g3 -DDEBUG -DUSE_HAL_DRIVER -DSTM32L4S5xx -c -I../Core/Inc -I../Drivers/STM32L4xx_HAL_Driver/Inc -I../Drivers/STM32L4xx_HAL_Driver/Inc/Legacy -I../Drivers/CMSIS/Device/ST/STM32L4xx/Include -I../Drivers/CMSIS/Include -O0 -ffunction-sections -fdata-sections -Wall -fstack-usage -fcyclomatic-complexity -MMD -MP -MF"Core/Src/syscalls.d" -MT"Core/Src/syscalls.o" --specs=nano.specs -mfpu=fpv4-sp-d16 -mfloat-abi=hard -mthumb -o "Core/Src/syscalls.o"
../Core/Src/main.c:138:25: warning: variable 'dac_sawtooth' set but not used [-Wunused-but-set-variable]
arm-none-eabi-gcc "../Core/Src/sysmem.c" -mcpu=cortex-m4 -std=gnu11 -g3 -DDEBUG -DUSE_HAL_DRIVER -DSTM32L4S5xx -c -I../Core/Inc -I../Drivers/STM32L4xx_HAL_Driver/Inc -I../Drivers/STM32L4xx_HAL_Driver/Inc/Legacy -I../Drivers/CMSIS/Device/ST/STM32L4xx/Include -I../Drivers/CMSIS/Include -O0 -ffunction-sections -fdata-sections -Wall -fstack-usage -fcyclomatic-complexity -MMD -MP -MF"Core/Src/sysmem.d" -MT"Core/Src/sysmem.o" --specs=nano.specs -mfpu=fpv4-sp-d16 -mfloat-abi=hard -mthumb -o "Core/Src/sysmem.o"
arm-none-eabi-gcc "../Core/Src/system_stm32l4xx.c" -mcpu=cortex-m4 -std=gnu11 -g3 -DDEBUG -DUSE_HAL_DRIVER -DSTM32L4S5xx -c -I../Core/Inc -I../Drivers/STM32L4xx_HAL_Driver/Inc -I../Drivers/STM32L4xx_HAL_Driver/Inc/Legacy -I../Drivers/CMSIS/Device/ST/STM32L4xx/Include -I../Drivers/CMSIS/Include -O0 -ffunction-sections -fdata-sections -Wall -fstack-usage -fcyclomatic-complexity -MMD -MP -MF"Core/Src/system_stm32l4xx.d" -MT"Core/Src/system_stm32l4xx.o" --specs=nano.specs -mfpu=fpv4-sp-d16 -mfloat-abi=hard -mthumb -o "Core/Src/system_stm32l4xx.o"
  138 |   uint8_t dac_triangle, dac_sawtooth, dac_sinusoid;
      |                         ^~~~~~~~~~~~
arm-none-eabi-gcc -o "Lab 3 - 2.elf" @"objects.list"   -mcpu=cortex-m4 -T"/Users/neiljoegeorge/Documents/ECSE444/Lab 3 - 2/STM32L4S5VITX_FLASH.ld" --specs=nosys.specs -Wl,-Map="Lab 3 - 2.map" -Wl,--gc-sections -static -L"/Users/neiljoegeorge/Documents/ECSE444/Lab 3 - 2/Core/Lib" --specs=nano.specs -mfpu=fpv4-sp-d16 -mfloat-abi=hard -mthumb -Wl,--start-group -lc -lm -Wl,--end-group
/Applications/STM32CubeIDE.app/Contents/Eclipse/plugins/com.st.stm32cube.ide.mcu.externaltools.gnu-tools-for-stm32.13.3.rel1.macos64_1.0.0.202411102158/tools/bin/../lib/gcc/arm-none-eabi/13.3.1/../../../../arm-none-eabi/bin/ld: ./Core/Src/main.o: in function `generate_sine_wave':
/Users/neiljoegeorge/Documents/ECSE444/Lab 3 - 2/Debug/../Core/Src/main.c:81:(.text.generate_sine_wave+0x5e): undefined reference to `arm_sin_f32'
collect2: error: ld returned 1 exit status
make: *** [makefile:64: Lab 3 - 2.elf] Error 1
"make -j7 all" terminated with exit code 2. Build might be incomplete.
18:45:17 **** Incremental Build of configuration Debug for project Lab 1 ****
make -j7 all 
arm-none-eabi-gcc "../Core/Src/KalmanFilter_C_CMSIS.c" -mcpu=cortex-m4 -std=gnu11 -g3 -DDEBUG -DUSE_HAL_DRIVER -DSTM32L4S5xx -c -I../Core/Inc -I../Drivers/STM32L4xx_HAL_Driver/Inc -I../Drivers/STM32L4xx_HAL_Driver/Inc/Legacy -I../Drivers/CMSIS/Device/ST/STM32L4xx/Include -I../Drivers/CMSIS/Include -O0 -ffunction-sections -fdata-sections -Wall -fstack-usage -fcyclomatic-complexity -MMD -MP -MF"Core/Src/KalmanFilter_C_CMSIS.d" -MT"Core/Src/KalmanFilter_C_CMSIS.o" --specs=nano.specs -mfpu=fpv4-sp-d16 -mfloat-abi=hard -mthumb -o "Core/Src/KalmanFilter_C_CMSIS.o"
arm-none-eabi-gcc "../Core/Src/main.c" -mcpu=cortex-m4 -std=gnu11 -g3 -DDEBUG -DUSE_HAL_DRIVER -DSTM32L4S5xx -c -I../Core/Inc -I../Drivers/STM32L4xx_HAL_Driver/Inc -I../Drivers/STM32L4xx_HAL_Driver/Inc/Legacy -I../Drivers/CMSIS/Device/ST/STM32L4xx/Include -I../Drivers/CMSIS/Include -O0 -ffunction-sections -fdata-sections -Wall -fstack-usage -fcyclomatic-complexity -MMD -MP -MF"Core/Src/main.d" -MT"Core/Src/main.o" --specs=nano.specs -mfpu=fpv4-sp-d16 -mfloat-abi=hard -mthumb -o "Core/Src/main.o"
../Core/Src/KalmanFilter_C_CMSIS.c: In function 'KalmanFilter_C_CMSIS':
../Core/Src/KalmanFilter_C_CMSIS.c:13:29: error: 'Length' undeclared (first use in this function)
   13 |         for (int i = 0; i < Length; i++){
      |                             ^~~~~~
../Core/Src/KalmanFilter_C_CMSIS.c:13:29: note: each undeclared identifier is reported only once for each function it appears in
../Core/Src/KalmanFilter_C_CMSIS.c:36:30: error: 'InputArray' undeclared (first use in this function)
   36 |                 arm_sub_f32(&InputArray[i], &(kState->x), temp1, 1);
      |                              ^~~~~~~~~~
../Core/Src/KalmanFilter_C_CMSIS.c:57:17: error: 'OutputArray' undeclared (first use in this function)
   57 |                 OutputArray[i] = kState->x;
      |                 ^~~~~~~~~~~
../Core/Src/KalmanFilter_C_CMSIS.c:11:35: warning: unused variable 'one' [-Wunused-variable]
   11 |     float32_t temp1[1], temp2[1], one[1] = {1.0f};
      |                                   ^~~
../Core/Src/KalmanFilter_C_CMSIS.c:11:25: warning: unused variable 'temp2' [-Wunused-variable]
   11 |     float32_t temp1[1], temp2[1], one[1] = {1.0f};
      |                         ^~~~~
../Core/Src/KalmanFilter_C_CMSIS.c:11:15: warning: unused variable 'temp1' [-Wunused-variable]
   11 |     float32_t temp1[1], temp2[1], one[1] = {1.0f};
      |               ^~~~~
make: *** [Core/Src/subdir.mk:53: Core/Src/KalmanFilter_C_CMSIS.o] Error 1
make: *** Waiting for unfinished jobs....
../Core/Src/main.c: In function 'main':
../Core/Src/main.c:122:48: error: 'assemblyResult' undeclared (first use in this function)
  122 |     arm_conv_f32(TEST_ARRAY, measurementCount, assemblyResult, measurementCount,
      |                                                ^~~~~~~~~~~~~~
../Core/Src/main.c:122:48: note: each undeclared identifier is reported only once for each function it appears in
../Core/Src/main.c:123:18: error: 'convolutionAssembly' undeclared (first use in this function)
  123 |                  convolutionAssembly);
      |                  ^~~~~~~~~~~~~~~~~~~
../Core/Src/main.c:164:48: error: 'cmsisResult' undeclared (first use in this function)
  164 |     arm_conv_f32(TEST_ARRAY, measurementCount, cmsisResult, measurementCount, convolutionCMSIS);
      |                                                ^~~~~~~~~~~
../Core/Src/main.c:164:79: error: 'convolutionCMSIS' undeclared (first use in this function)
  164 |     arm_conv_f32(TEST_ARRAY, measurementCount, cmsisResult, measurementCount, convolutionCMSIS);
      |                                                                               ^~~~~~~~~~~~~~~~
../Core/Src/main.c:119:9: warning: variable 'resultCMSIS' set but not used [-Wunused-but-set-variable]
  119 |   float resultCMSIS[101];
      |         ^~~~~~~~~~~
../Core/Src/main.c:118:9: warning: variable 'resultC' set but not used [-Wunused-but-set-variable]
  118 |   float resultC[101];
      |         ^~~~~~~
../Core/Src/main.c:117:9: warning: variable 'result' set but not used [-Wunused-but-set-variable]
  117 |   float result[101];
      |         ^~~~~~
make: *** [Core/Src/subdir.mk:53: Core/Src/main.o] Error 1
"make -j7 all" terminated with exit code 2. Build might be incomplete.
18:45:17 **** Incremental Build of configuration Debug for project Lab 3 - 2 ****
make -j7 all 
arm-none-eabi-gcc -o "Lab 3 - 2.elf" @"objects.list"   -mcpu=cortex-m4 -T"/Users/neiljoegeorge/Documents/ECSE444/Lab 3 - 2/STM32L4S5VITX_FLASH.ld" --specs=nosys.specs -Wl,-Map="Lab 3 - 2.map" -Wl,--gc-sections -static -L"/Users/neiljoegeorge/Documents/ECSE444/Lab 3 - 2/Core/Lib" -L"/Users/neiljoegeorge/Documents/ECSE444/Lab 3 - 2/Drivers/CMSIS" --specs=nano.specs -mfpu=fpv4-sp-d16 -mfloat-abi=hard -mthumb -Wl,--start-group -lc -lm -Wl,--end-group
/Applications/STM32CubeIDE.app/Contents/Eclipse/plugins/com.st.stm32cube.ide.mcu.externaltools.gnu-tools-for-stm32.13.3.rel1.macos64_1.0.0.202411102158/tools/bin/../lib/gcc/arm-none-eabi/13.3.1/../../../../arm-none-eabi/bin/ld: ./Core/Src/main.o: in function `generate_sine_wave':
/Users/neiljoegeorge/Documents/ECSE444/Lab 3 - 2/Debug/../Core/Src/main.c:81:(.text.generate_sine_wave+0x5e): undefined reference to `arm_sin_f32'
collect2: error: ld returned 1 exit status
make: *** [makefile:64: Lab 3 - 2.elf] Error 1
"make -j7 all" terminated with exit code 2. Build might be incomplete.
18:47:53 **** Incremental Build of configuration Debug for project Lab 1 ****
make -j7 all 
arm-none-eabi-gcc "../Core/Src/KalmanFilter_C_CMSIS.c" -mcpu=cortex-m4 -std=gnu11 -g3 -DDEBUG -DUSE_HAL_DRIVER -DSTM32L4S5xx -c -I../Core/Inc -I../Drivers/STM32L4xx_HAL_Driver/Inc -I../Drivers/STM32L4xx_HAL_Driver/Inc/Legacy -I../Drivers/CMSIS/Device/ST/STM32L4xx/Include -I../Drivers/CMSIS/Include -O0 -ffunction-sections -fdata-sections -Wall -fstack-usage -fcyclomatic-complexity -MMD -MP -MF"Core/Src/KalmanFilter_C_CMSIS.d" -MT"Core/Src/KalmanFilter_C_CMSIS.o" --specs=nano.specs -mfpu=fpv4-sp-d16 -mfloat-abi=hard -mthumb -o "Core/Src/KalmanFilter_C_CMSIS.o"
arm-none-eabi-gcc "../Core/Src/main.c" -mcpu=cortex-m4 -std=gnu11 -g3 -DDEBUG -DUSE_HAL_DRIVER -DSTM32L4S5xx -c -I../Core/Inc -I../Drivers/STM32L4xx_HAL_Driver/Inc -I../Drivers/STM32L4xx_HAL_Driver/Inc/Legacy -I../Drivers/CMSIS/Device/ST/STM32L4xx/Include -I../Drivers/CMSIS/Include -O0 -ffunction-sections -fdata-sections -Wall -fstack-usage -fcyclomatic-complexity -MMD -MP -MF"Core/Src/main.d" -MT"Core/Src/main.o" --specs=nano.specs -mfpu=fpv4-sp-d16 -mfloat-abi=hard -mthumb -o "Core/Src/main.o"
../Core/Src/KalmanFilter_C_CMSIS.c: In function 'KalmanFilter_C_CMSIS':
../Core/Src/KalmanFilter_C_CMSIS.c:13:29: error: 'Length' undeclared (first use in this function)
   13 |         for (int i = 0; i < Length; i++){
      |                             ^~~~~~
../Core/Src/KalmanFilter_C_CMSIS.c:13:29: note: each undeclared identifier is reported only once for each function it appears in
../Core/Src/KalmanFilter_C_CMSIS.c:36:30: error: 'InputArray' undeclared (first use in this function)
   36 |                 arm_sub_f32(&InputArray[i], &(kState->x), temp1, 1);
      |                              ^~~~~~~~~~
../Core/Src/KalmanFilter_C_CMSIS.c:57:17: error: 'OutputArray' undeclared (first use in this function)
   57 |                 OutputArray[i] = kState->x;
      |                 ^~~~~~~~~~~
../Core/Src/KalmanFilter_C_CMSIS.c:11:35: warning: unused variable 'one' [-Wunused-variable]
   11 |     float32_t temp1[1], temp2[1], one[1] = {1.0f};
      |                                   ^~~
../Core/Src/KalmanFilter_C_CMSIS.c:11:25: warning: unused variable 'temp2' [-Wunused-variable]
   11 |     float32_t temp1[1], temp2[1], one[1] = {1.0f};
      |                         ^~~~~
../Core/Src/KalmanFilter_C_CMSIS.c:11:15: warning: unused variable 'temp1' [-Wunused-variable]
   11 |     float32_t temp1[1], temp2[1], one[1] = {1.0f};
      |               ^~~~~
make: *** [Core/Src/subdir.mk:53: Core/Src/KalmanFilter_C_CMSIS.o] Error 1
make: *** Waiting for unfinished jobs....
../Core/Src/main.c: In function 'main':
../Core/Src/main.c:122:48: error: 'assemblyResult' undeclared (first use in this function)
  122 |     arm_conv_f32(TEST_ARRAY, measurementCount, assemblyResult, measurementCount,
      |                                                ^~~~~~~~~~~~~~
../Core/Src/main.c:122:48: note: each undeclared identifier is reported only once for each function it appears in
../Core/Src/main.c:123:18: error: 'convolutionAssembly' undeclared (first use in this function)
  123 |                  convolutionAssembly);
      |                  ^~~~~~~~~~~~~~~~~~~
../Core/Src/main.c:164:48: error: 'cmsisResult' undeclared (first use in this function)
  164 |     arm_conv_f32(TEST_ARRAY, measurementCount, cmsisResult, measurementCount, convolutionCMSIS);
      |                                                ^~~~~~~~~~~
../Core/Src/main.c:164:79: error: 'convolutionCMSIS' undeclared (first use in this function)
  164 |     arm_conv_f32(TEST_ARRAY, measurementCount, cmsisResult, measurementCount, convolutionCMSIS);
      |                                                                               ^~~~~~~~~~~~~~~~
../Core/Src/main.c:119:9: warning: variable 'resultCMSIS' set but not used [-Wunused-but-set-variable]
  119 |   float resultCMSIS[101];
      |         ^~~~~~~~~~~
../Core/Src/main.c:118:9: warning: variable 'resultC' set but not used [-Wunused-but-set-variable]
  118 |   float resultC[101];
      |         ^~~~~~~
../Core/Src/main.c:117:9: warning: variable 'result' set but not used [-Wunused-but-set-variable]
  117 |   float result[101];
      |         ^~~~~~
make: *** [Core/Src/subdir.mk:53: Core/Src/main.o] Error 1
"make -j7 all" terminated with exit code 2. Build might be incomplete.
18:47:54 **** Incremental Build of configuration Debug for project Lab 3 - 2 ****
make -j7 all 
arm-none-eabi-gcc "../Core/Src/main.c" -mcpu=cortex-m4 -std=gnu11 -g3 -DDEBUG -DUSE_HAL_DRIVER -DSTM32L4S5xx -c -I../Core/Inc -I../Drivers/STM32L4xx_HAL_Driver/Inc -I../Drivers/STM32L4xx_HAL_Driver/Inc/Legacy -I../Drivers/CMSIS/Device/ST/STM32L4xx/Include -I../Drivers/CMSIS/Include -O0 -ffunction-sections -fdata-sections -Wall -fstack-usage -fcyclomatic-complexity -MMD -MP -MF"Core/Src/main.d" -MT"Core/Src/main.o" --specs=nano.specs -mfpu=fpv4-sp-d16 -mfloat-abi=hard -mthumb -o "Core/Src/main.o"
../Core/Src/main.c: In function 'main':
../Core/Src/main.c:169:15: warning: unused variable 'breakpoint' [-Wunused-variable]
  169 |           int breakpoint = 0;
      |               ^~~~~~~~~~
../Core/Src/main.c:138:25: warning: variable 'dac_sawtooth' set but not used [-Wunused-but-set-variable]
  138 |   uint8_t dac_triangle, dac_sawtooth, dac_sinusoid;
      |                         ^~~~~~~~~~~~
arm-none-eabi-gcc -o "Lab 3 - 2.elf" @"objects.list"   -mcpu=cortex-m4 -T"/Users/neiljoegeorge/Documents/ECSE444/Lab 3 - 2/STM32L4S5VITX_FLASH.ld" --specs=nosys.specs -Wl,-Map="Lab 3 - 2.map" -Wl,--gc-sections -static -L"/Users/neiljoegeorge/Documents/ECSE444/Lab 3 - 2/Core/Lib" -L"/Users/neiljoegeorge/Documents/ECSE444/Lab 3 - 2/Drivers/CMSIS" --specs=nano.specs -mfpu=fpv4-sp-d16 -mfloat-abi=hard -mthumb -Wl,--start-group -lc -lm -Wl,--end-group
Finished building target: Lab 3 - 2.elf
 
arm-none-eabi-size  Lab\ 3\ -\ 2.elf 
arm-none-eabi-objdump -h -S Lab\ 3\ -\ 2.elf  > "Lab 3 - 2.list"
   text	   data	    bss	    dec	    hex	filename
  19540	     12	   2140	  21692	   54bc	Lab 3 - 2.elf
Finished building: default.size.stdout
 
Finished building: Lab 3 - 2.list
 
18:47:59 **** Incremental Build of configuration Debug for project Lab 1 ****
make -j7 all 
arm-none-eabi-gcc "../Core/Src/KalmanFilter_C_CMSIS.c" -mcpu=cortex-m4 -std=gnu11 -g3 -DDEBUG -DUSE_HAL_DRIVER -DSTM32L4S5xx -c -I../Core/Inc -I../Drivers/STM32L4xx_HAL_Driver/Inc -I../Drivers/STM32L4xx_HAL_Driver/Inc/Legacy -I../Drivers/CMSIS/Device/ST/STM32L4xx/Include -I../Drivers/CMSIS/Include -O0 -ffunction-sections -fdata-sections -Wall -fstack-usage -fcyclomatic-complexity -MMD -MP -MF"Core/Src/KalmanFilter_C_CMSIS.d" -MT"Core/Src/KalmanFilter_C_CMSIS.o" --specs=nano.specs -mfpu=fpv4-sp-d16 -mfloat-abi=hard -mthumb -o "Core/Src/KalmanFilter_C_CMSIS.o"
arm-none-eabi-gcc "../Core/Src/main.c" -mcpu=cortex-m4 -std=gnu11 -g3 -DDEBUG -DUSE_HAL_DRIVER -DSTM32L4S5xx -c -I../Core/Inc -I../Drivers/STM32L4xx_HAL_Driver/Inc -I../Drivers/STM32L4xx_HAL_Driver/Inc/Legacy -I../Drivers/CMSIS/Device/ST/STM32L4xx/Include -I../Drivers/CMSIS/Include -O0 -ffunction-sections -fdata-sections -Wall -fstack-usage -fcyclomatic-complexity -MMD -MP -MF"Core/Src/main.d" -MT"Core/Src/main.o" --specs=nano.specs -mfpu=fpv4-sp-d16 -mfloat-abi=hard -mthumb -o "Core/Src/main.o"
../Core/Src/KalmanFilter_C_CMSIS.c: In function 'KalmanFilter_C_CMSIS':
../Core/Src/KalmanFilter_C_CMSIS.c:13:29: error: 'Length' undeclared (first use in this function)
   13 |         for (int i = 0; i < Length; i++){
      |                             ^~~~~~
../Core/Src/KalmanFilter_C_CMSIS.c:13:29: note: each undeclared identifier is reported only once for each function it appears in
../Core/Src/KalmanFilter_C_CMSIS.c:36:30: error: 'InputArray' undeclared (first use in this function)
   36 |                 arm_sub_f32(&InputArray[i], &(kState->x), temp1, 1);
      |                              ^~~~~~~~~~
../Core/Src/KalmanFilter_C_CMSIS.c:57:17: error: 'OutputArray' undeclared (first use in this function)
   57 |                 OutputArray[i] = kState->x;
      |                 ^~~~~~~~~~~
../Core/Src/KalmanFilter_C_CMSIS.c:11:35: warning: unused variable 'one' [-Wunused-variable]
   11 |     float32_t temp1[1], temp2[1], one[1] = {1.0f};
      |                                   ^~~
../Core/Src/KalmanFilter_C_CMSIS.c:11:25: warning: unused variable 'temp2' [-Wunused-variable]
   11 |     float32_t temp1[1], temp2[1], one[1] = {1.0f};
      |                         ^~~~~
../Core/Src/KalmanFilter_C_CMSIS.c:11:15: warning: unused variable 'temp1' [-Wunused-variable]
   11 |     float32_t temp1[1], temp2[1], one[1] = {1.0f};
      |               ^~~~~
make: *** [Core/Src/subdir.mk:53: Core/Src/KalmanFilter_C_CMSIS.o] Error 1
make: *** Waiting for unfinished jobs....
../Core/Src/main.c: In function 'main':
../Core/Src/main.c:122:48: error: 'assemblyResult' undeclared (first use in this function)
  122 |     arm_conv_f32(TEST_ARRAY, measurementCount, assemblyResult, measurementCount,
      |                                                ^~~~~~~~~~~~~~
../Core/Src/main.c:122:48: note: each undeclared identifier is reported only once for each function it appears in
../Core/Src/main.c:123:18: error: 'convolutionAssembly' undeclared (first use in this function)
  123 |                  convolutionAssembly);
      |                  ^~~~~~~~~~~~~~~~~~~
../Core/Src/main.c:164:48: error: 'cmsisResult' undeclared (first use in this function)
  164 |     arm_conv_f32(TEST_ARRAY, measurementCount, cmsisResult, measurementCount, convolutionCMSIS);
      |                                                ^~~~~~~~~~~
../Core/Src/main.c:164:79: error: 'convolutionCMSIS' undeclared (first use in this function)
  164 |     arm_conv_f32(TEST_ARRAY, measurementCount, cmsisResult, measurementCount, convolutionCMSIS);
      |                                                                               ^~~~~~~~~~~~~~~~
../Core/Src/main.c:119:9: warning: variable 'resultCMSIS' set but not used [-Wunused-but-set-variable]
  119 |   float resultCMSIS[101];
      |         ^~~~~~~~~~~
../Core/Src/main.c:118:9: warning: variable 'resultC' set but not used [-Wunused-but-set-variable]
  118 |   float resultC[101];
      |         ^~~~~~~
../Core/Src/main.c:117:9: warning: variable 'result' set but not used [-Wunused-but-set-variable]
  117 |   float result[101];
      |         ^~~~~~
make: *** [Core/Src/subdir.mk:53: Core/Src/main.o] Error 1
"make -j7 all" terminated with exit code 2. Build might be incomplete.
18:48:00 **** Incremental Build of configuration Debug for project Lab 3 - 2 ****
make -j7 all 
arm-none-eabi-size  Lab\ 3\ -\ 2.elf 
   text	   data	    bss	    dec	    hex	filename
  19540	     12	   2140	  21692	   54bc	Lab 3 - 2.elf
Finished building: default.size.stdout
 
18:50:14 **** Incremental Build of configuration Debug for project Lab 1 ****
make -j7 all 
arm-none-eabi-gcc "../Core/Src/KalmanFilter_C_CMSIS.c" -mcpu=cortex-m4 -std=gnu11 -g3 -DDEBUG -DUSE_HAL_DRIVER -DSTM32L4S5xx -c -I../Core/Inc -I../Drivers/STM32L4xx_HAL_Driver/Inc -I../Drivers/STM32L4xx_HAL_Driver/Inc/Legacy -I../Drivers/CMSIS/Device/ST/STM32L4xx/Include -I../Drivers/CMSIS/Include -O0 -ffunction-sections -fdata-sections -Wall -fstack-usage -fcyclomatic-complexity -MMD -MP -MF"Core/Src/KalmanFilter_C_CMSIS.d" -MT"Core/Src/KalmanFilter_C_CMSIS.o" --specs=nano.specs -mfpu=fpv4-sp-d16 -mfloat-abi=hard -mthumb -o "Core/Src/KalmanFilter_C_CMSIS.o"
arm-none-eabi-gcc "../Core/Src/main.c" -mcpu=cortex-m4 -std=gnu11 -g3 -DDEBUG -DUSE_HAL_DRIVER -DSTM32L4S5xx -c -I../Core/Inc -I../Drivers/STM32L4xx_HAL_Driver/Inc -I../Drivers/STM32L4xx_HAL_Driver/Inc/Legacy -I../Drivers/CMSIS/Device/ST/STM32L4xx/Include -I../Drivers/CMSIS/Include -O0 -ffunction-sections -fdata-sections -Wall -fstack-usage -fcyclomatic-complexity -MMD -MP -MF"Core/Src/main.d" -MT"Core/Src/main.o" --specs=nano.specs -mfpu=fpv4-sp-d16 -mfloat-abi=hard -mthumb -o "Core/Src/main.o"
../Core/Src/KalmanFilter_C_CMSIS.c: In function 'KalmanFilter_C_CMSIS':
../Core/Src/KalmanFilter_C_CMSIS.c:13:29: error: 'Length' undeclared (first use in this function)
   13 |         for (int i = 0; i < Length; i++){
      |                             ^~~~~~
../Core/Src/KalmanFilter_C_CMSIS.c:13:29: note: each undeclared identifier is reported only once for each function it appears in
../Core/Src/KalmanFilter_C_CMSIS.c:36:30: error: 'InputArray' undeclared (first use in this function)
   36 |                 arm_sub_f32(&InputArray[i], &(kState->x), temp1, 1);
      |                              ^~~~~~~~~~
../Core/Src/KalmanFilter_C_CMSIS.c:57:17: error: 'OutputArray' undeclared (first use in this function)
   57 |                 OutputArray[i] = kState->x;
      |                 ^~~~~~~~~~~
../Core/Src/KalmanFilter_C_CMSIS.c:11:35: warning: unused variable 'one' [-Wunused-variable]
   11 |     float32_t temp1[1], temp2[1], one[1] = {1.0f};
      |                                   ^~~
../Core/Src/KalmanFilter_C_CMSIS.c:11:25: warning: unused variable 'temp2' [-Wunused-variable]
   11 |     float32_t temp1[1], temp2[1], one[1] = {1.0f};
      |                         ^~~~~
../Core/Src/KalmanFilter_C_CMSIS.c:11:15: warning: unused variable 'temp1' [-Wunused-variable]
   11 |     float32_t temp1[1], temp2[1], one[1] = {1.0f};
      |               ^~~~~
make: *** [Core/Src/subdir.mk:53: Core/Src/KalmanFilter_C_CMSIS.o] Error 1
make: *** Waiting for unfinished jobs....
../Core/Src/main.c: In function 'main':
../Core/Src/main.c:122:48: error: 'assemblyResult' undeclared (first use in this function)
  122 |     arm_conv_f32(TEST_ARRAY, measurementCount, assemblyResult, measurementCount,
      |                                                ^~~~~~~~~~~~~~
../Core/Src/main.c:122:48: note: each undeclared identifier is reported only once for each function it appears in
../Core/Src/main.c:123:18: error: 'convolutionAssembly' undeclared (first use in this function)
  123 |                  convolutionAssembly);
      |                  ^~~~~~~~~~~~~~~~~~~
../Core/Src/main.c:164:48: error: 'cmsisResult' undeclared (first use in this function)
  164 |     arm_conv_f32(TEST_ARRAY, measurementCount, cmsisResult, measurementCount, convolutionCMSIS);
      |                                                ^~~~~~~~~~~
../Core/Src/main.c:164:79: error: 'convolutionCMSIS' undeclared (first use in this function)
  164 |     arm_conv_f32(TEST_ARRAY, measurementCount, cmsisResult, measurementCount, convolutionCMSIS);
      |                                                                               ^~~~~~~~~~~~~~~~
../Core/Src/main.c:119:9: warning: variable 'resultCMSIS' set but not used [-Wunused-but-set-variable]
  119 |   float resultCMSIS[101];
      |         ^~~~~~~~~~~
../Core/Src/main.c:118:9: warning: variable 'resultC' set but not used [-Wunused-but-set-variable]
  118 |   float resultC[101];
      |         ^~~~~~~
../Core/Src/main.c:117:9: warning: variable 'result' set but not used [-Wunused-but-set-variable]
  117 |   float result[101];
      |         ^~~~~~
make: *** [Core/Src/subdir.mk:53: Core/Src/main.o] Error 1
"make -j7 all" terminated with exit code 2. Build might be incomplete.
18:50:15 **** Incremental Build of configuration Debug for project Lab 3 - 2 ****
make -j7 all 
arm-none-eabi-size  Lab\ 3\ -\ 2.elf 
   text	   data	    bss	    dec	    hex	filename
  19540	     12	   2140	  21692	   54bc	Lab 3 - 2.elf
Finished building: default.size.stdout
 
18:50:25 **** Incremental Build of configuration Debug for project Lab 1 ****
make -j7 all 
arm-none-eabi-gcc "../Core/Src/KalmanFilter_C_CMSIS.c" -mcpu=cortex-m4 -std=gnu11 -g3 -DDEBUG -DUSE_HAL_DRIVER -DSTM32L4S5xx -c -I../Core/Inc -I../Drivers/STM32L4xx_HAL_Driver/Inc -I../Drivers/STM32L4xx_HAL_Driver/Inc/Legacy -I../Drivers/CMSIS/Device/ST/STM32L4xx/Include -I../Drivers/CMSIS/Include -O0 -ffunction-sections -fdata-sections -Wall -fstack-usage -fcyclomatic-complexity -MMD -MP -MF"Core/Src/KalmanFilter_C_CMSIS.d" -MT"Core/Src/KalmanFilter_C_CMSIS.o" --specs=nano.specs -mfpu=fpv4-sp-d16 -mfloat-abi=hard -mthumb -o "Core/Src/KalmanFilter_C_CMSIS.o"
arm-none-eabi-gcc "../Core/Src/main.c" -mcpu=cortex-m4 -std=gnu11 -g3 -DDEBUG -DUSE_HAL_DRIVER -DSTM32L4S5xx -c -I../Core/Inc -I../Drivers/STM32L4xx_HAL_Driver/Inc -I../Drivers/STM32L4xx_HAL_Driver/Inc/Legacy -I../Drivers/CMSIS/Device/ST/STM32L4xx/Include -I../Drivers/CMSIS/Include -O0 -ffunction-sections -fdata-sections -Wall -fstack-usage -fcyclomatic-complexity -MMD -MP -MF"Core/Src/main.d" -MT"Core/Src/main.o" --specs=nano.specs -mfpu=fpv4-sp-d16 -mfloat-abi=hard -mthumb -o "Core/Src/main.o"
../Core/Src/KalmanFilter_C_CMSIS.c: In function 'KalmanFilter_C_CMSIS':
../Core/Src/KalmanFilter_C_CMSIS.c:13:29: error: 'Length' undeclared (first use in this function)
   13 |         for (int i = 0; i < Length; i++){
      |                             ^~~~~~
../Core/Src/KalmanFilter_C_CMSIS.c:13:29: note: each undeclared identifier is reported only once for each function it appears in
../Core/Src/KalmanFilter_C_CMSIS.c:36:30: error: 'InputArray' undeclared (first use in this function)
   36 |                 arm_sub_f32(&InputArray[i], &(kState->x), temp1, 1);
      |                              ^~~~~~~~~~
../Core/Src/KalmanFilter_C_CMSIS.c:57:17: error: 'OutputArray' undeclared (first use in this function)
   57 |                 OutputArray[i] = kState->x;
      |                 ^~~~~~~~~~~
../Core/Src/KalmanFilter_C_CMSIS.c:11:35: warning: unused variable 'one' [-Wunused-variable]
   11 |     float32_t temp1[1], temp2[1], one[1] = {1.0f};
      |                                   ^~~
../Core/Src/KalmanFilter_C_CMSIS.c:11:25: warning: unused variable 'temp2' [-Wunused-variable]
   11 |     float32_t temp1[1], temp2[1], one[1] = {1.0f};
      |                         ^~~~~
../Core/Src/KalmanFilter_C_CMSIS.c:11:15: warning: unused variable 'temp1' [-Wunused-variable]
   11 |     float32_t temp1[1], temp2[1], one[1] = {1.0f};
      |               ^~~~~
make: *** [Core/Src/subdir.mk:53: Core/Src/KalmanFilter_C_CMSIS.o] Error 1
make: *** Waiting for unfinished jobs....
../Core/Src/main.c: In function 'main':
../Core/Src/main.c:122:48: error: 'assemblyResult' undeclared (first use in this function)
  122 |     arm_conv_f32(TEST_ARRAY, measurementCount, assemblyResult, measurementCount,
      |                                                ^~~~~~~~~~~~~~
../Core/Src/main.c:122:48: note: each undeclared identifier is reported only once for each function it appears in
../Core/Src/main.c:123:18: error: 'convolutionAssembly' undeclared (first use in this function)
  123 |                  convolutionAssembly);
      |                  ^~~~~~~~~~~~~~~~~~~
../Core/Src/main.c:164:48: error: 'cmsisResult' undeclared (first use in this function)
  164 |     arm_conv_f32(TEST_ARRAY, measurementCount, cmsisResult, measurementCount, convolutionCMSIS);
      |                                                ^~~~~~~~~~~
../Core/Src/main.c:164:79: error: 'convolutionCMSIS' undeclared (first use in this function)
  164 |     arm_conv_f32(TEST_ARRAY, measurementCount, cmsisResult, measurementCount, convolutionCMSIS);
      |                                                                               ^~~~~~~~~~~~~~~~
../Core/Src/main.c:119:9: warning: variable 'resultCMSIS' set but not used [-Wunused-but-set-variable]
  119 |   float resultCMSIS[101];
      |         ^~~~~~~~~~~
../Core/Src/main.c:118:9: warning: variable 'resultC' set but not used [-Wunused-but-set-variable]
  118 |   float resultC[101];
      |         ^~~~~~~
../Core/Src/main.c:117:9: warning: variable 'result' set but not used [-Wunused-but-set-variable]
  117 |   float result[101];
      |         ^~~~~~
make: *** [Core/Src/subdir.mk:53: Core/Src/main.o] Error 1
"make -j7 all" terminated with exit code 2. Build might be incomplete.
18:50:27 **** Incremental Build of configuration Debug for project Lab 3 - 2 ****
make -j7 all 
arm-none-eabi-gcc "../Core/Src/main.c" -mcpu=cortex-m4 -std=gnu11 -g3 -DDEBUG -DUSE_HAL_DRIVER -DSTM32L4S5xx -c -I../Core/Inc -I../Drivers/STM32L4xx_HAL_Driver/Inc -I../Drivers/STM32L4xx_HAL_Driver/Inc/Legacy -I../Drivers/CMSIS/Device/ST/STM32L4xx/Include -I../Drivers/CMSIS/Include -O0 -ffunction-sections -fdata-sections -Wall -fstack-usage -fcyclomatic-complexity -MMD -MP -MF"Core/Src/main.d" -MT"Core/Src/main.o" --specs=nano.specs -mfpu=fpv4-sp-d16 -mfloat-abi=hard -mthumb -o "Core/Src/main.o"
../Core/Src/main.c: In function 'main':
../Core/Src/main.c:169:15: warning: unused variable 'breakpoint' [-Wunused-variable]
  169 |           int breakpoint = 0;
      |               ^~~~~~~~~~
../Core/Src/main.c:138:25: warning: variable 'dac_sawtooth' set but not used [-Wunused-but-set-variable]
  138 |   uint8_t dac_triangle, dac_sawtooth, dac_sinusoid;
      |                         ^~~~~~~~~~~~
arm-none-eabi-gcc -o "Lab 3 - 2.elf" @"objects.list"   -mcpu=cortex-m4 -T"/Users/neiljoegeorge/Documents/ECSE444/Lab 3 - 2/STM32L4S5VITX_FLASH.ld" --specs=nosys.specs -Wl,-Map="Lab 3 - 2.map" -Wl,--gc-sections -static -L"/Users/neiljoegeorge/Documents/ECSE444/Lab 3 - 2/Core/Lib" -L"/Users/neiljoegeorge/Documents/ECSE444/Lab 3 - 2/Drivers/CMSIS" --specs=nano.specs -mfpu=fpv4-sp-d16 -mfloat-abi=hard -mthumb -Wl,--start-group -lc -lm -Wl,--end-group
/Applications/STM32CubeIDE.app/Contents/Eclipse/plugins/com.st.stm32cube.ide.mcu.externaltools.gnu-tools-for-stm32.13.3.rel1.macos64_1.0.0.202411102158/tools/bin/../lib/gcc/arm-none-eabi/13.3.1/../../../../arm-none-eabi/bin/ld: ./Core/Src/main.o: in function `generate_sine_wave':
/Users/neiljoegeorge/Documents/ECSE444/Lab 3 - 2/Debug/../Core/Src/main.c:81:(.text.generate_sine_wave+0x5e): undefined reference to `arm_sin_f32'
collect2: error: ld returned 1 exit status
make: *** [makefile:64: Lab 3 - 2.elf] Error 1
"make -j7 all" terminated with exit code 2. Build might be incomplete.
19:18:31 **** Incremental Build of configuration Debug for project Lab 1 ****
make -j7 all 
arm-none-eabi-gcc "../Core/Src/KalmanFilter_C_CMSIS.c" -mcpu=cortex-m4 -std=gnu11 -g3 -DDEBUG -DUSE_HAL_DRIVER -DSTM32L4S5xx -c -I../Core/Inc -I../Drivers/STM32L4xx_HAL_Driver/Inc -I../Drivers/STM32L4xx_HAL_Driver/Inc/Legacy -I../Drivers/CMSIS/Device/ST/STM32L4xx/Include -I../Drivers/CMSIS/Include -O0 -ffunction-sections -fdata-sections -Wall -fstack-usage -fcyclomatic-complexity -MMD -MP -MF"Core/Src/KalmanFilter_C_CMSIS.d" -MT"Core/Src/KalmanFilter_C_CMSIS.o" --specs=nano.specs -mfpu=fpv4-sp-d16 -mfloat-abi=hard -mthumb -o "Core/Src/KalmanFilter_C_CMSIS.o"
arm-none-eabi-gcc "../Core/Src/main.c" -mcpu=cortex-m4 -std=gnu11 -g3 -DDEBUG -DUSE_HAL_DRIVER -DSTM32L4S5xx -c -I../Core/Inc -I../Drivers/STM32L4xx_HAL_Driver/Inc -I../Drivers/STM32L4xx_HAL_Driver/Inc/Legacy -I../Drivers/CMSIS/Device/ST/STM32L4xx/Include -I../Drivers/CMSIS/Include -O0 -ffunction-sections -fdata-sections -Wall -fstack-usage -fcyclomatic-complexity -MMD -MP -MF"Core/Src/main.d" -MT"Core/Src/main.o" --specs=nano.specs -mfpu=fpv4-sp-d16 -mfloat-abi=hard -mthumb -o "Core/Src/main.o"
../Core/Src/KalmanFilter_C_CMSIS.c: In function 'KalmanFilter_C_CMSIS':
../Core/Src/KalmanFilter_C_CMSIS.c:13:29: error: 'Length' undeclared (first use in this function)
   13 |         for (int i = 0; i < Length; i++){
      |                             ^~~~~~
../Core/Src/KalmanFilter_C_CMSIS.c:13:29: note: each undeclared identifier is reported only once for each function it appears in
../Core/Src/KalmanFilter_C_CMSIS.c:36:30: error: 'InputArray' undeclared (first use in this function)
   36 |                 arm_sub_f32(&InputArray[i], &(kState->x), temp1, 1);
      |                              ^~~~~~~~~~
../Core/Src/KalmanFilter_C_CMSIS.c:57:17: error: 'OutputArray' undeclared (first use in this function)
   57 |                 OutputArray[i] = kState->x;
      |                 ^~~~~~~~~~~
../Core/Src/KalmanFilter_C_CMSIS.c:11:35: warning: unused variable 'one' [-Wunused-variable]
   11 |     float32_t temp1[1], temp2[1], one[1] = {1.0f};
      |                                   ^~~
../Core/Src/KalmanFilter_C_CMSIS.c:11:25: warning: unused variable 'temp2' [-Wunused-variable]
   11 |     float32_t temp1[1], temp2[1], one[1] = {1.0f};
      |                         ^~~~~
../Core/Src/KalmanFilter_C_CMSIS.c:11:15: warning: unused variable 'temp1' [-Wunused-variable]
   11 |     float32_t temp1[1], temp2[1], one[1] = {1.0f};
      |               ^~~~~
make: *** [Core/Src/subdir.mk:53: Core/Src/KalmanFilter_C_CMSIS.o] Error 1
make: *** Waiting for unfinished jobs....
../Core/Src/main.c: In function 'main':
../Core/Src/main.c:122:48: error: 'assemblyResult' undeclared (first use in this function)
  122 |     arm_conv_f32(TEST_ARRAY, measurementCount, assemblyResult, measurementCount,
      |                                                ^~~~~~~~~~~~~~
../Core/Src/main.c:122:48: note: each undeclared identifier is reported only once for each function it appears in
../Core/Src/main.c:123:18: error: 'convolutionAssembly' undeclared (first use in this function)
  123 |                  convolutionAssembly);
      |                  ^~~~~~~~~~~~~~~~~~~
../Core/Src/main.c:164:48: error: 'cmsisResult' undeclared (first use in this function)
  164 |     arm_conv_f32(TEST_ARRAY, measurementCount, cmsisResult, measurementCount, convolutionCMSIS);
      |                                                ^~~~~~~~~~~
../Core/Src/main.c:164:79: error: 'convolutionCMSIS' undeclared (first use in this function)
  164 |     arm_conv_f32(TEST_ARRAY, measurementCount, cmsisResult, measurementCount, convolutionCMSIS);
      |                                                                               ^~~~~~~~~~~~~~~~
../Core/Src/main.c:119:9: warning: variable 'resultCMSIS' set but not used [-Wunused-but-set-variable]
  119 |   float resultCMSIS[101];
      |         ^~~~~~~~~~~
../Core/Src/main.c:118:9: warning: variable 'resultC' set but not used [-Wunused-but-set-variable]
  118 |   float resultC[101];
      |         ^~~~~~~
../Core/Src/main.c:117:9: warning: variable 'result' set but not used [-Wunused-but-set-variable]
  117 |   float result[101];
      |         ^~~~~~
make: *** [Core/Src/subdir.mk:53: Core/Src/main.o] Error 1
"make -j7 all" terminated with exit code 2. Build might be incomplete.
19:18:32 **** Incremental Build of configuration Debug for project Lab 3 - 2 ****
make -j7 all 
arm-none-eabi-gcc "../Core/Src/main.c" -mcpu=cortex-m4 -std=gnu11 -g3 -DDEBUG -DUSE_HAL_DRIVER -DSTM32L4S5xx -c -I../Core/Inc -I../Drivers/STM32L4xx_HAL_Driver/Inc -I../Drivers/STM32L4xx_HAL_Driver/Inc/Legacy -I../Drivers/CMSIS/Device/ST/STM32L4xx/Include -I../Drivers/CMSIS/Include -O0 -ffunction-sections -fdata-sections -Wall -fstack-usage -fcyclomatic-complexity -MMD -MP -MF"Core/Src/main.d" -MT"Core/Src/main.o" --specs=nano.specs -mfpu=fpv4-sp-d16 -mfloat-abi=hard -mthumb -o "Core/Src/main.o"
../Core/Src/main.c: In function 'main':
../Core/Src/main.c:169:15: warning: unused variable 'breakpoint' [-Wunused-variable]
  169 |           int breakpoint = 0;
      |               ^~~~~~~~~~
../Core/Src/main.c:138:25: warning: variable 'dac_sawtooth' set but not used [-Wunused-but-set-variable]
  138 |   uint8_t dac_triangle, dac_sawtooth, dac_sinusoid;
      |                         ^~~~~~~~~~~~
../Core/Src/main.c: In function 'HAL_GPIO_EXTI_Callback':
../Core/Src/main.c:346:17: warning: implicit declaration of function 'HAL_DAC_STOP_DMA'; did you mean 'HAL_DAC_Stop_DMA'? [-Wimplicit-function-declaration]
  346 |                 HAL_DAC_STOP_DMA(&hadc1, DAC_CHANNEL_1);
      |                 ^~~~~~~~~~~~~~~~
      |                 HAL_DAC_Stop_DMA
../Core/Src/main.c:346:35: error: 'hadc1' undeclared (first use in this function); did you mean 'hdac1'?
  346 |                 HAL_DAC_STOP_DMA(&hadc1, DAC_CHANNEL_1);
      |                                   ^~~~~
      |                                   hdac1
../Core/Src/main.c:346:35: note: each undeclared identifier is reported only once for each function it appears in
make: *** [Core/Src/subdir.mk:34: Core/Src/main.o] Error 1
"make -j7 all" terminated with exit code 2. Build might be incomplete.
19:19:12 **** Incremental Build of configuration Debug for project Lab 1 ****
make -j7 all 
arm-none-eabi-gcc "../Core/Src/KalmanFilter_C_CMSIS.c" -mcpu=cortex-m4 -std=gnu11 -g3 -DDEBUG -DUSE_HAL_DRIVER -DSTM32L4S5xx -c -I../Core/Inc -I../Drivers/STM32L4xx_HAL_Driver/Inc -I../Drivers/STM32L4xx_HAL_Driver/Inc/Legacy -I../Drivers/CMSIS/Device/ST/STM32L4xx/Include -I../Drivers/CMSIS/Include -O0 -ffunction-sections -fdata-sections -Wall -fstack-usage -fcyclomatic-complexity -MMD -MP -MF"Core/Src/KalmanFilter_C_CMSIS.d" -MT"Core/Src/KalmanFilter_C_CMSIS.o" --specs=nano.specs -mfpu=fpv4-sp-d16 -mfloat-abi=hard -mthumb -o "Core/Src/KalmanFilter_C_CMSIS.o"
arm-none-eabi-gcc "../Core/Src/main.c" -mcpu=cortex-m4 -std=gnu11 -g3 -DDEBUG -DUSE_HAL_DRIVER -DSTM32L4S5xx -c -I../Core/Inc -I../Drivers/STM32L4xx_HAL_Driver/Inc -I../Drivers/STM32L4xx_HAL_Driver/Inc/Legacy -I../Drivers/CMSIS/Device/ST/STM32L4xx/Include -I../Drivers/CMSIS/Include -O0 -ffunction-sections -fdata-sections -Wall -fstack-usage -fcyclomatic-complexity -MMD -MP -MF"Core/Src/main.d" -MT"Core/Src/main.o" --specs=nano.specs -mfpu=fpv4-sp-d16 -mfloat-abi=hard -mthumb -o "Core/Src/main.o"
../Core/Src/KalmanFilter_C_CMSIS.c: In function 'KalmanFilter_C_CMSIS':
../Core/Src/KalmanFilter_C_CMSIS.c:13:29: error: 'Length' undeclared (first use in this function)
   13 |         for (int i = 0; i < Length; i++){
      |                             ^~~~~~
../Core/Src/KalmanFilter_C_CMSIS.c:13:29: note: each undeclared identifier is reported only once for each function it appears in
../Core/Src/KalmanFilter_C_CMSIS.c:36:30: error: 'InputArray' undeclared (first use in this function)
   36 |                 arm_sub_f32(&InputArray[i], &(kState->x), temp1, 1);
      |                              ^~~~~~~~~~
../Core/Src/KalmanFilter_C_CMSIS.c:57:17: error: 'OutputArray' undeclared (first use in this function)
   57 |                 OutputArray[i] = kState->x;
      |                 ^~~~~~~~~~~
../Core/Src/KalmanFilter_C_CMSIS.c:11:35: warning: unused variable 'one' [-Wunused-variable]
   11 |     float32_t temp1[1], temp2[1], one[1] = {1.0f};
      |                                   ^~~
../Core/Src/KalmanFilter_C_CMSIS.c:11:25: warning: unused variable 'temp2' [-Wunused-variable]
   11 |     float32_t temp1[1], temp2[1], one[1] = {1.0f};
      |                         ^~~~~
../Core/Src/KalmanFilter_C_CMSIS.c:11:15: warning: unused variable 'temp1' [-Wunused-variable]
   11 |     float32_t temp1[1], temp2[1], one[1] = {1.0f};
      |               ^~~~~
make: *** [Core/Src/subdir.mk:53: Core/Src/KalmanFilter_C_CMSIS.o] Error 1
make: *** Waiting for unfinished jobs....
../Core/Src/main.c: In function 'main':
../Core/Src/main.c:122:48: error: 'assemblyResult' undeclared (first use in this function)
  122 |     arm_conv_f32(TEST_ARRAY, measurementCount, assemblyResult, measurementCount,
      |                                                ^~~~~~~~~~~~~~
../Core/Src/main.c:122:48: note: each undeclared identifier is reported only once for each function it appears in
../Core/Src/main.c:123:18: error: 'convolutionAssembly' undeclared (first use in this function)
  123 |                  convolutionAssembly);
      |                  ^~~~~~~~~~~~~~~~~~~
../Core/Src/main.c:164:48: error: 'cmsisResult' undeclared (first use in this function)
  164 |     arm_conv_f32(TEST_ARRAY, measurementCount, cmsisResult, measurementCount, convolutionCMSIS);
      |                                                ^~~~~~~~~~~
../Core/Src/main.c:164:79: error: 'convolutionCMSIS' undeclared (first use in this function)
  164 |     arm_conv_f32(TEST_ARRAY, measurementCount, cmsisResult, measurementCount, convolutionCMSIS);
      |                                                                               ^~~~~~~~~~~~~~~~
../Core/Src/main.c:119:9: warning: variable 'resultCMSIS' set but not used [-Wunused-but-set-variable]
  119 |   float resultCMSIS[101];
      |         ^~~~~~~~~~~
../Core/Src/main.c:118:9: warning: variable 'resultC' set but not used [-Wunused-but-set-variable]
  118 |   float resultC[101];
      |         ^~~~~~~
../Core/Src/main.c:117:9: warning: variable 'result' set but not used [-Wunused-but-set-variable]
  117 |   float result[101];
      |         ^~~~~~
make: *** [Core/Src/subdir.mk:53: Core/Src/main.o] Error 1
"make -j7 all" terminated with exit code 2. Build might be incomplete.
19:19:13 **** Incremental Build of configuration Debug for project Lab 3 - 2 ****
make -j7 all 
arm-none-eabi-gcc "../Core/Src/main.c" -mcpu=cortex-m4 -std=gnu11 -g3 -DDEBUG -DUSE_HAL_DRIVER -DSTM32L4S5xx -c -I../Core/Inc -I../Drivers/STM32L4xx_HAL_Driver/Inc -I../Drivers/STM32L4xx_HAL_Driver/Inc/Legacy -I../Drivers/CMSIS/Device/ST/STM32L4xx/Include -I../Drivers/CMSIS/Include -O0 -ffunction-sections -fdata-sections -Wall -fstack-usage -fcyclomatic-complexity -MMD -MP -MF"Core/Src/main.d" -MT"Core/Src/main.o" --specs=nano.specs -mfpu=fpv4-sp-d16 -mfloat-abi=hard -mthumb -o "Core/Src/main.o"
../Core/Src/main.c: In function 'main':
../Core/Src/main.c:169:15: warning: unused variable 'breakpoint' [-Wunused-variable]
  169 |           int breakpoint = 0;
      |               ^~~~~~~~~~
../Core/Src/main.c:138:25: warning: variable 'dac_sawtooth' set but not used [-Wunused-but-set-variable]
  138 |   uint8_t dac_triangle, dac_sawtooth, dac_sinusoid;
      |                         ^~~~~~~~~~~~
../Core/Src/main.c: In function 'HAL_GPIO_EXTI_Callback':
../Core/Src/main.c:346:35: error: 'hadc1' undeclared (first use in this function); did you mean 'hdac1'?
  346 |                 HAL_DAC_Stop_DMA(&hadc1, DAC_CHANNEL_1);
      |                                   ^~~~~
      |                                   hdac1
../Core/Src/main.c:346:35: note: each undeclared identifier is reported only once for each function it appears in
make: *** [Core/Src/subdir.mk:34: Core/Src/main.o] Error 1
"make -j7 all" terminated with exit code 2. Build might be incomplete.
19:22:48 **** Incremental Build of configuration Debug for project Lab 1 ****
make -j7 all 
arm-none-eabi-gcc "../Core/Src/KalmanFilter_C_CMSIS.c" -mcpu=cortex-m4 -std=gnu11 -g3 -DDEBUG -DUSE_HAL_DRIVER -DSTM32L4S5xx -c -I../Core/Inc -I../Drivers/STM32L4xx_HAL_Driver/Inc -I../Drivers/STM32L4xx_HAL_Driver/Inc/Legacy -I../Drivers/CMSIS/Device/ST/STM32L4xx/Include -I../Drivers/CMSIS/Include -O0 -ffunction-sections -fdata-sections -Wall -fstack-usage -fcyclomatic-complexity -MMD -MP -MF"Core/Src/KalmanFilter_C_CMSIS.d" -MT"Core/Src/KalmanFilter_C_CMSIS.o" --specs=nano.specs -mfpu=fpv4-sp-d16 -mfloat-abi=hard -mthumb -o "Core/Src/KalmanFilter_C_CMSIS.o"
arm-none-eabi-gcc "../Core/Src/main.c" -mcpu=cortex-m4 -std=gnu11 -g3 -DDEBUG -DUSE_HAL_DRIVER -DSTM32L4S5xx -c -I../Core/Inc -I../Drivers/STM32L4xx_HAL_Driver/Inc -I../Drivers/STM32L4xx_HAL_Driver/Inc/Legacy -I../Drivers/CMSIS/Device/ST/STM32L4xx/Include -I../Drivers/CMSIS/Include -O0 -ffunction-sections -fdata-sections -Wall -fstack-usage -fcyclomatic-complexity -MMD -MP -MF"Core/Src/main.d" -MT"Core/Src/main.o" --specs=nano.specs -mfpu=fpv4-sp-d16 -mfloat-abi=hard -mthumb -o "Core/Src/main.o"
../Core/Src/KalmanFilter_C_CMSIS.c: In function 'KalmanFilter_C_CMSIS':
../Core/Src/KalmanFilter_C_CMSIS.c:13:29: error: 'Length' undeclared (first use in this function)
   13 |         for (int i = 0; i < Length; i++){
      |                             ^~~~~~
../Core/Src/KalmanFilter_C_CMSIS.c:13:29: note: each undeclared identifier is reported only once for each function it appears in
../Core/Src/KalmanFilter_C_CMSIS.c:36:30: error: 'InputArray' undeclared (first use in this function)
   36 |                 arm_sub_f32(&InputArray[i], &(kState->x), temp1, 1);
      |                              ^~~~~~~~~~
../Core/Src/KalmanFilter_C_CMSIS.c:57:17: error: 'OutputArray' undeclared (first use in this function)
   57 |                 OutputArray[i] = kState->x;
      |                 ^~~~~~~~~~~
../Core/Src/KalmanFilter_C_CMSIS.c:11:35: warning: unused variable 'one' [-Wunused-variable]
   11 |     float32_t temp1[1], temp2[1], one[1] = {1.0f};
      |                                   ^~~
../Core/Src/KalmanFilter_C_CMSIS.c:11:25: warning: unused variable 'temp2' [-Wunused-variable]
   11 |     float32_t temp1[1], temp2[1], one[1] = {1.0f};
      |                         ^~~~~
../Core/Src/KalmanFilter_C_CMSIS.c:11:15: warning: unused variable 'temp1' [-Wunused-variable]
   11 |     float32_t temp1[1], temp2[1], one[1] = {1.0f};
      |               ^~~~~
make: *** [Core/Src/subdir.mk:53: Core/Src/KalmanFilter_C_CMSIS.o] Error 1
make: *** Waiting for unfinished jobs....
../Core/Src/main.c: In function 'main':
../Core/Src/main.c:122:48: error: 'assemblyResult' undeclared (first use in this function)
  122 |     arm_conv_f32(TEST_ARRAY, measurementCount, assemblyResult, measurementCount,
      |                                                ^~~~~~~~~~~~~~
../Core/Src/main.c:122:48: note: each undeclared identifier is reported only once for each function it appears in
../Core/Src/main.c:123:18: error: 'convolutionAssembly' undeclared (first use in this function)
  123 |                  convolutionAssembly);
      |                  ^~~~~~~~~~~~~~~~~~~
../Core/Src/main.c:164:48: error: 'cmsisResult' undeclared (first use in this function)
  164 |     arm_conv_f32(TEST_ARRAY, measurementCount, cmsisResult, measurementCount, convolutionCMSIS);
      |                                                ^~~~~~~~~~~
../Core/Src/main.c:164:79: error: 'convolutionCMSIS' undeclared (first use in this function)
  164 |     arm_conv_f32(TEST_ARRAY, measurementCount, cmsisResult, measurementCount, convolutionCMSIS);
      |                                                                               ^~~~~~~~~~~~~~~~
../Core/Src/main.c:119:9: warning: variable 'resultCMSIS' set but not used [-Wunused-but-set-variable]
  119 |   float resultCMSIS[101];
      |         ^~~~~~~~~~~
../Core/Src/main.c:118:9: warning: variable 'resultC' set but not used [-Wunused-but-set-variable]
  118 |   float resultC[101];
      |         ^~~~~~~
../Core/Src/main.c:117:9: warning: variable 'result' set but not used [-Wunused-but-set-variable]
  117 |   float result[101];
      |         ^~~~~~
make: *** [Core/Src/subdir.mk:53: Core/Src/main.o] Error 1
"make -j7 all" terminated with exit code 2. Build might be incomplete.
19:22:49 **** Incremental Build of configuration Debug for project Lab 3 - 2 ****
make -j7 all 
arm-none-eabi-gcc "../Core/Src/main.c" -mcpu=cortex-m4 -std=gnu11 -g3 -DDEBUG -DUSE_HAL_DRIVER -DSTM32L4S5xx -c -I../Core/Inc -I../Drivers/STM32L4xx_HAL_Driver/Inc -I../Drivers/STM32L4xx_HAL_Driver/Inc/Legacy -I../Drivers/CMSIS/Device/ST/STM32L4xx/Include -I../Drivers/CMSIS/Include -O0 -ffunction-sections -fdata-sections -Wall -fstack-usage -fcyclomatic-complexity -MMD -MP -MF"Core/Src/main.d" -MT"Core/Src/main.o" --specs=nano.specs -mfpu=fpv4-sp-d16 -mfloat-abi=hard -mthumb -o "Core/Src/main.o"
../Core/Src/main.c: In function 'main':
../Core/Src/main.c:138:25: warning: variable 'dac_sawtooth' set but not used [-Wunused-but-set-variable]
  138 |   uint8_t dac_triangle, dac_sawtooth, dac_sinusoid;
      |                         ^~~~~~~~~~~~
arm-none-eabi-gcc -o "Lab 3 - 2.elf" @"objects.list"   -mcpu=cortex-m4 -T"/Users/neiljoegeorge/Documents/ECSE444/Lab 3 - 2/STM32L4S5VITX_FLASH.ld" --specs=nosys.specs -Wl,-Map="Lab 3 - 2.map" -Wl,--gc-sections -static -L"/Users/neiljoegeorge/Documents/ECSE444/Lab 3 - 2/Core/Lib" -L"/Users/neiljoegeorge/Documents/ECSE444/Lab 3 - 2/Drivers/CMSIS" --specs=nano.specs -mfpu=fpv4-sp-d16 -mfloat-abi=hard -mthumb -Wl,--start-group -lc -lm -Wl,--end-group
/Applications/STM32CubeIDE.app/Contents/Eclipse/plugins/com.st.stm32cube.ide.mcu.externaltools.gnu-tools-for-stm32.13.3.rel1.macos64_1.0.0.202411102158/tools/bin/../lib/gcc/arm-none-eabi/13.3.1/../../../../arm-none-eabi/bin/ld: ./Core/Src/main.o: in function `generate_sine_wave':
/Users/neiljoegeorge/Documents/ECSE444/Lab 3 - 2/Debug/../Core/Src/main.c:81:(.text.generate_sine_wave+0x5e): undefined reference to `arm_sin_f32'
collect2: error: ld returned 1 exit status
make: *** [makefile:64: Lab 3 - 2.elf] Error 1
"make -j7 all" terminated with exit code 2. Build might be incomplete.
