19:22:49 **** Incremental Build of configuration Debug for project Lab 3 - 2 ****
make -j7 all 
arm-none-eabi-gcc "../Core/Src/main.c" -mcpu=cortex-m4 -std=gnu11 -g3 -DDEBUG -DUSE_HAL_DRIVER -DSTM32L4S5xx -c -I../Core/Inc -I../Drivers/STM32L4xx_HAL_Driver/Inc -I../Drivers/STM32L4xx_HAL_Driver/Inc/Legacy -I../Drivers/CMSIS/Device/ST/STM32L4xx/Include -I../Drivers/CMSIS/Include -O0 -ffunction-sections -fdata-sections -Wall -fstack-usage -fcyclomatic-complexity -MMD -MP -MF"Core/Src/main.d" -MT"Core/Src/main.o" --specs=nano.specs -mfpu=fpv4-sp-d16 -mfloat-abi=hard -mthumb -o "Core/Src/main.o"
../Core/Src/main.c: In function 'main':
../Core/Src/main.c:138:25: warning: variable 'dac_sawtooth' set but not used [-Wunused-but-set-variable]
  138 |   uint8_t dac_triangle, dac_sawtooth, dac_sinusoid;
      |                         ^~~~~~~~~~~~
arm-none-eabi-gcc -o "Lab 3 - 2.elf" @"objects.list"   -mcpu=cortex-m4 -T"/Users/neiljoegeorge/Documents/ECSE444/Lab 3 - 2/STM32L4S5VITX_FLASH.ld" --specs=nosys.specs -Wl,-Map="Lab 3 - 2.map" -Wl,--gc-sections -static -L"/Users/neiljoegeorge/Documents/ECSE444/Lab 3 - 2/Core/Lib" -L"/Users/neiljoegeorge/Documents/ECSE444/Lab 3 - 2/Drivers/CMSIS" --specs=nano.specs -mfpu=fpv4-sp-d16 -mfloat-abi=hard -mthumb -Wl,--start-group -lc -lm -Wl,--end-group
/Applications/STM32CubeIDE.app/Contents/Eclipse/plugins/com.st.stm32cube.ide.mcu.externaltools.gnu-tools-for-stm32.13.3.rel1.macos64_1.0.0.202411102158/tools/bin/../lib/gcc/arm-none-eabi/13.3.1/../../../../arm-none-eabi/bin/ld: ./Core/Src/main.o: in function `generate_sine_wave':
/Users/neiljoegeorge/Documents/ECSE444/Lab 3 - 2/Debug/../Core/Src/main.c:81:(.text.generate_sine_wave+0x5e): undefined reference to `arm_sin_f32'
collect2: error: ld returned 1 exit status
make: *** [makefile:64: Lab 3 - 2.elf] Error 1
"make -j7 all" terminated with exit code 2. Build might be incomplete.

19:22:49 Build Failed. 2 errors, 1 warnings. (took 661ms)

